{
  "stats": {
    "suites": 1,
    "tests": 1,
    "passes": 0,
    "pending": 0,
    "failures": 1,
    "start": "2023-10-23T08:46:10.870Z",
    "end": "2023-10-23T08:46:23.888Z",
    "duration": 13018,
    "testsRegistered": 1,
    "passPercent": 0,
    "pendingPercent": 0,
    "other": 0,
    "hasOther": false,
    "skipped": 0,
    "hasSkipped": false
  },
  "results": [
    {
      "uuid": "7adc6ce9-1d29-464d-a549-10a39badadf5",
      "title": "",
      "fullFile": "cypress\\e2e\\Ankit sir\\chkBoxRadiobtn.cy.js",
      "file": "cypress\\e2e\\Ankit sir\\chkBoxRadiobtn.cy.js",
      "beforeHooks": [],
      "afterHooks": [],
      "tests": [],
      "suites": [
        {
          "uuid": "aeb71957-407e-42c8-b2d4-7dc3959fc498",
          "title": "verify functionality for checkBox & radioButton",
          "fullFile": "",
          "file": "",
          "beforeHooks": [],
          "afterHooks": [],
          "tests": [
            {
              "title": "check functionality for flipkart chekBox",
              "fullTitle": "verify functionality for checkBox & radioButton check functionality for flipkart chekBox",
              "timedOut": null,
              "duration": 9546,
              "state": "failed",
              "speed": null,
              "pass": false,
              "fail": true,
              "pending": false,
              "context": "{\n  \"title\": \"cypress-mochawesome-reporter-screenshots\",\n  \"value\": [\n    [\n      \"\\\\Ankit sir\\\\chkBoxRadiobtn.cy.js\\\\verify functionality for checkBox & radioButton -- check functionality for flipkart chekBox (failed).png\"\n    ]\n  ]\n}",
              "code": "cy.visit('https://www.flipkart.com/search?q=i+phone&as=on&as-show=on&otracker=AS_Query_HistoryAutoSuggest_6_0_na_na_na&otracker1=AS_Query_HistoryAutoSuggest_6_0_na_na_na&as-pos=6&as-type=HISTORY&suggestionId=i+phone&requestId=46314a42-9a2b-45a3-b9a5-7939a182a73f');\ncy.get('[class=\"_24_Dny\"]').check().should('be.checked');",
              "err": {
                "message": "CypressError: `cy.check()` can only be called on `:checkbox` and `:radio`. Your subject contains a: `<div class=\"_24_Dny\"></div>`\n\nhttps://on.cypress.io/check",
                "estack": "CypressError: `cy.check()` can only be called on `:checkbox` and `:radio`. Your subject contains a: `<div class=\"_24_Dny\"></div>`\n\nhttps://on.cypress.io/check\n    at checkOrUncheckEl (https://www.flipkart.com/__cypress/runner/cypress_runner.js:141932:76)\n    at tryCatcher (https://www.flipkart.com/__cypress/runner/cypress_runner.js:18744:23)\n    at Object.gotValue (https://www.flipkart.com/__cypress/runner/cypress_runner.js:17886:18)\n    at Object.gotAccum (https://www.flipkart.com/__cypress/runner/cypress_runner.js:17875:25)\n    at Object.tryCatcher (https://www.flipkart.com/__cypress/runner/cypress_runner.js:18744:23)\n    at Promise._settlePromiseFromHandler (https://www.flipkart.com/__cypress/runner/cypress_runner.js:16679:31)\n    at Promise._settlePromise (https://www.flipkart.com/__cypress/runner/cypress_runner.js:16736:18)\n    at Promise._settlePromiseCtx (https://www.flipkart.com/__cypress/runner/cypress_runner.js:16773:10)\n    at _drainQueueStep (https://www.flipkart.com/__cypress/runner/cypress_runner.js:13455:12)\n    at _drainQueue (https://www.flipkart.com/__cypress/runner/cypress_runner.js:13444:9)\n    at ../../node_modules/bluebird/js/release/async.js.Async._drainQueues (https://www.flipkart.com/__cypress/runner/cypress_runner.js:13460:5)\n    at Async.drainQueues (https://www.flipkart.com/__cypress/runner/cypress_runner.js:13330:14)\nFrom Your Spec Code:\n    at Context.eval (webpack:///./cypress/e2e/Ankit sir/chkBoxRadiobtn.cy.js:39:36)",
                "diff": null
              },
              "uuid": "87ca8824-1e77-45b3-82a4-311c76ab898d",
              "parentUUID": "aeb71957-407e-42c8-b2d4-7dc3959fc498",
              "isHook": false,
              "skipped": false
            }
          ],
          "suites": [],
          "passes": [],
          "failures": [
            "87ca8824-1e77-45b3-82a4-311c76ab898d"
          ],
          "pending": [],
          "skipped": [],
          "duration": 9546,
          "root": false,
          "rootEmpty": false,
          "_timeout": 2000
        }
      ],
      "passes": [],
      "failures": [],
      "pending": [],
      "skipped": [],
      "duration": 0,
      "root": true,
      "rootEmpty": true,
      "_timeout": 2000
    }
  ],
  "meta": {
    "mocha": {
      "version": "7.0.1"
    },
    "mochawesome": {
      "options": {
        "quiet": false,
        "reportFilename": "mochawesome",
        "saveHtml": false,
        "saveJson": true,
        "consoleReporter": "spec",
        "useInlineDiffs": false,
        "code": true
      },
      "version": "7.1.3"
    },
    "marge": {
      "options": {
        "charts": true,
        "reportPageTitle": "custom-title",
        "embeddedScreenshots": true,
        "inlineAssets": true,
        "saveAllAttempts": false,
        "overwrite": false,
        "html": false,
        "json": true,
        "reportDir": "cypress\\reports\\html\\.jsons"
      },
      "version": "6.2.0"
    }
  }
}