{
  "stats": {
    "suites": 1,
    "tests": 1,
    "passes": 0,
    "pending": 0,
    "failures": 1,
    "start": "2023-10-23T08:46:44.485Z",
    "end": "2023-10-23T08:47:08.464Z",
    "duration": 23979,
    "testsRegistered": 1,
    "passPercent": 0,
    "pendingPercent": 0,
    "other": 0,
    "hasOther": false,
    "skipped": 0,
    "hasSkipped": false
  },
  "results": [
    {
      "uuid": "5c2a69a4-494f-47c1-a1cf-f1e843c5b84e",
      "title": "",
      "fullFile": "cypress\\e2e\\Ankit sir\\Day2.cy.js",
      "file": "cypress\\e2e\\Ankit sir\\Day2.cy.js",
      "beforeHooks": [],
      "afterHooks": [],
      "tests": [],
      "suites": [
        {
          "uuid": "5f5363b9-3014-449d-929d-5171354a3297",
          "title": "Traversal methods in cypress",
          "fullFile": "",
          "file": "",
          "beforeHooks": [],
          "afterHooks": [],
          "tests": [
            {
              "title": "To get all of the next sibling DOM elements within elements, use the .nextAll() command.",
              "fullTitle": "Traversal methods in cypress To get all of the next sibling DOM elements within elements, use the .nextAll() command.",
              "timedOut": null,
              "duration": 18757,
              "state": "failed",
              "speed": null,
              "pass": false,
              "fail": true,
              "pending": false,
              "context": "{\n  \"title\": \"cypress-mochawesome-reporter-screenshots\",\n  \"value\": [\n    [\n      \"\\\\Ankit sir\\\\Day2.cy.js\\\\Traversal methods in cypress -- To get all of the next sibling DOM elements within elements, use the .nextAll() command (failed).png\"\n    ]\n  ]\n}",
              "code": "cy.visit('https://www.flipkart.com/');\n//hardCoded or fixed wait\n//implicit wait\n//cy.wait(5000)\n//Explicit wait cy.intercept()\ncy.get('._331-kn', {\n  timeout: 10000\n}).nextAll().should('have.length', 3);\ncy.get('._331-kn').nextAll().each(function (el) {\n  cy.log(el.text());\n});\nit.skip('To get all of the next sibling DOM elements within elements until another element, use the .nextUntil() command.', function () {\n  cy.visit('https://www.flipkart.com/');\n  // cy.get('[aria-label=\"Mobiles\"]').nextUntil('[aria-label=\"Appliances\"]')\n  //     .should('have.length', 3)\n  cy.get('._3704LK').type('I phone {enter}');\n});",
              "err": {
                "message": "AssertionError: Timed out retrying after 10000ms: Expected to find element: `._331-kn`, but never found it.",
                "estack": "AssertionError: Timed out retrying after 10000ms: Expected to find element: `._331-kn`, but never found it.\n    at Context.eval (webpack:///./cypress/e2e/Ankit sir/Day2.cy.js:11:11)",
                "diff": null
              },
              "uuid": "3425031e-d2ac-4750-b5f5-4b886726392f",
              "parentUUID": "5f5363b9-3014-449d-929d-5171354a3297",
              "isHook": false,
              "skipped": false
            }
          ],
          "suites": [],
          "passes": [],
          "failures": [
            "3425031e-d2ac-4750-b5f5-4b886726392f"
          ],
          "pending": [],
          "skipped": [],
          "duration": 18757,
          "root": false,
          "rootEmpty": false,
          "_timeout": 2000
        }
      ],
      "passes": [],
      "failures": [],
      "pending": [],
      "skipped": [],
      "duration": 0,
      "root": true,
      "rootEmpty": true,
      "_timeout": 2000
    }
  ],
  "meta": {
    "mocha": {
      "version": "7.0.1"
    },
    "mochawesome": {
      "options": {
        "quiet": false,
        "reportFilename": "mochawesome",
        "saveHtml": false,
        "saveJson": true,
        "consoleReporter": "spec",
        "useInlineDiffs": false,
        "code": true
      },
      "version": "7.1.3"
    },
    "marge": {
      "options": {
        "charts": true,
        "reportPageTitle": "custom-title",
        "embeddedScreenshots": true,
        "inlineAssets": true,
        "saveAllAttempts": false,
        "overwrite": false,
        "html": false,
        "json": true,
        "reportDir": "cypress\\reports\\html\\.jsons"
      },
      "version": "6.2.0"
    }
  }
}