{
  "stats": {
    "suites": 1,
    "tests": 4,
    "passes": 0,
    "pending": 0,
    "failures": 4,
    "start": "2023-10-23T08:47:10.756Z",
    "end": "2023-10-23T08:47:36.282Z",
    "duration": 25526,
    "testsRegistered": 4,
    "passPercent": 0,
    "pendingPercent": 0,
    "other": 0,
    "hasOther": false,
    "skipped": 0,
    "hasSkipped": false
  },
  "results": [
    {
      "uuid": "37f9039d-bccf-4a26-9ea6-0ccf3f19eb84",
      "title": "",
      "fullFile": "cypress\\e2e\\Ankit sir\\DynamicDropDown.cy.js",
      "file": "cypress\\e2e\\Ankit sir\\DynamicDropDown.cy.js",
      "beforeHooks": [],
      "afterHooks": [],
      "tests": [],
      "suites": [
        {
          "uuid": "c5053f94-501c-41ba-8f2d-466839db2e44",
          "title": "Dynamic Dropdown(Interview ask quesion)",
          "fullFile": "",
          "file": "",
          "beforeHooks": [],
          "afterHooks": [],
          "tests": [
            {
              "title": "Dynamic Dropdown",
              "fullTitle": "Dynamic Dropdown(Interview ask quesion) Dynamic Dropdown",
              "timedOut": null,
              "duration": 5316,
              "state": "failed",
              "speed": null,
              "pass": false,
              "fail": true,
              "pending": false,
              "context": "{\n  \"title\": \"cypress-mochawesome-reporter-screenshots\",\n  \"value\": [\n    [\n      \"\\\\Ankit sir\\\\DynamicDropDown.cy.js\\\\Dynamic Dropdown(Interview ask quesion) -- Dynamic Dropdown (failed).png\"\n    ]\n  ]\n}",
              "code": "//cy.visit('https://www.flipkart.com/'),\ncy.get('[type=\"text\"]').type('i phone');\ncy.get('._17d0yO').each(el => {\n  //cy.log(el.text())\n  if (el.text().includes(' 11 64bg')) {\n    cy.wrap().click();\n    return false;\n  }\n});",
              "err": {
                "message": "CypressError: `cy.type()` can only be called on a single element. Your subject contained 2 elements.\n\nhttps://on.cypress.io/type",
                "estack": "CypressError: `cy.type()` can only be called on a single element. Your subject contained 2 elements.\n\nhttps://on.cypress.io/type\n    at Context.type (https://www.flipkart.com/__cypress/runner/cypress_runner.js:144154:76)\n    at wrapped (https://www.flipkart.com/__cypress/runner/cypress_runner.js:161018:19)\nFrom Your Spec Code:\n    at Context.eval (webpack:///./cypress/e2e/Ankit sir/DynamicDropDown.cy.js:12:32)",
                "diff": null
              },
              "uuid": "dfcbd865-0bbc-4935-a9b6-4a88f237a74b",
              "parentUUID": "c5053f94-501c-41ba-8f2d-466839db2e44",
              "isHook": false,
              "skipped": false
            },
            {
              "title": "Dynamic Dropdown2",
              "fullTitle": "Dynamic Dropdown(Interview ask quesion) Dynamic Dropdown2",
              "timedOut": null,
              "duration": 7137,
              "state": "failed",
              "speed": null,
              "pass": false,
              "fail": true,
              "pending": false,
              "context": "{\n  \"title\": \"cypress-mochawesome-reporter-screenshots\",\n  \"value\": [\n    [\n      \"\\\\Ankit sir\\\\DynamicDropDown.cy.js\\\\Dynamic Dropdown(Interview ask quesion) -- Dynamic Dropdown2 (failed).png\"\n    ]\n  ]\n}",
              "code": "//cy.visit('https://www.flipkart.com/')\ncy.get('._3704LK').type('mobile');\ncy.get('[class=\"lrtEPN _17d0yO\"]').each(el => {\n  //cy.log(el.text())\n  if (el.text().includes('mobile  camera lens')) {\n    cy.wrap().click();\n    return false;\n  }\n});",
              "err": {
                "message": "AssertionError: Timed out retrying after 4000ms: Expected to find element: `._3704LK`, but never found it.",
                "estack": "AssertionError: Timed out retrying after 4000ms: Expected to find element: `._3704LK`, but never found it.\n    at Context.eval (webpack:///./cypress/e2e/Ankit sir/DynamicDropDown.cy.js:25:11)",
                "diff": null
              },
              "uuid": "f36f454d-1e22-4abf-a3ae-d32a7931d5b5",
              "parentUUID": "c5053f94-501c-41ba-8f2d-466839db2e44",
              "isHook": false,
              "skipped": false
            },
            {
              "title": "Dynamic Dropdown 3",
              "fullTitle": "Dynamic Dropdown(Interview ask quesion) Dynamic Dropdown 3",
              "timedOut": null,
              "duration": 4039,
              "state": "failed",
              "speed": null,
              "pass": false,
              "fail": true,
              "pending": false,
              "context": "{\n  \"title\": \"cypress-mochawesome-reporter-screenshots\",\n  \"value\": [\n    [\n      \"\\\\Ankit sir\\\\DynamicDropDown.cy.js\\\\Dynamic Dropdown(Interview ask quesion) -- Dynamic Dropdown 3 (failed).png\"\n    ]\n  ]\n}",
              "code": "cy.get('[type=\"text\"]').type('washing machine');\ncy.get('[class=\"lrtEPN _17d0yO\"]').each(el => {\n  if (el.text().includes('washing machine cover')) {\n    cy.wrap().click();\n    return false;\n  }\n});",
              "err": {
                "message": "CypressError: `cy.type()` can only be called on a single element. Your subject contained 2 elements.\n\nhttps://on.cypress.io/type",
                "estack": "CypressError: `cy.type()` can only be called on a single element. Your subject contained 2 elements.\n\nhttps://on.cypress.io/type\n    at Context.type (https://www.flipkart.com/__cypress/runner/cypress_runner.js:144154:76)\n    at wrapped (https://www.flipkart.com/__cypress/runner/cypress_runner.js:161018:19)\nFrom Your Spec Code:\n    at Context.eval (webpack:///./cypress/e2e/Ankit sir/DynamicDropDown.cy.js:36:32)",
                "diff": null
              },
              "uuid": "2b2a7e8d-053b-4060-8019-b750039dc43b",
              "parentUUID": "c5053f94-501c-41ba-8f2d-466839db2e44",
              "isHook": false,
              "skipped": false
            },
            {
              "title": "Dynamic Dropdown 4",
              "fullTitle": "Dynamic Dropdown(Interview ask quesion) Dynamic Dropdown 4",
              "timedOut": null,
              "duration": 4321,
              "state": "failed",
              "speed": null,
              "pass": false,
              "fail": true,
              "pending": false,
              "context": "{\n  \"title\": \"cypress-mochawesome-reporter-screenshots\",\n  \"value\": [\n    [\n      \"\\\\Ankit sir\\\\DynamicDropDown.cy.js\\\\Dynamic Dropdown(Interview ask quesion) -- Dynamic Dropdown 4 (failed).png\"\n    ]\n  ]\n}",
              "code": "cy.get('[type=\"text\"]').type('Electronics');\ncy.get('[class=\"lrtEPN _17d0yO\"]').each(el => {\n  if (el.text().includes('electronics items')) {\n    cy.log(el.text());\n    return false;\n  }\n});\nit.only('Dynamic dropdown 5', () => {\n  cy.get('._2cAig-').type('Best of Electronics');\n  cy.get('._3LU4EM').each(el => {\n    if (el.text().includes('Top Mirrorless Cameras')) {\n      cy.wrap().click();\n      return false;\n    }\n  });\n});",
              "err": {
                "message": "CypressError: `cy.type()` can only be called on a single element. Your subject contained 2 elements.\n\nhttps://on.cypress.io/type",
                "estack": "CypressError: `cy.type()` can only be called on a single element. Your subject contained 2 elements.\n\nhttps://on.cypress.io/type\n    at Context.type (https://www.flipkart.com/__cypress/runner/cypress_runner.js:144154:76)\n    at wrapped (https://www.flipkart.com/__cypress/runner/cypress_runner.js:161018:19)\nFrom Your Spec Code:\n    at Context.eval (webpack:///./cypress/e2e/Ankit sir/DynamicDropDown.cy.js:46:32)",
                "diff": null
              },
              "uuid": "a134d7a9-0f9a-4a80-b201-05491641725e",
              "parentUUID": "c5053f94-501c-41ba-8f2d-466839db2e44",
              "isHook": false,
              "skipped": false
            }
          ],
          "suites": [],
          "passes": [],
          "failures": [
            "dfcbd865-0bbc-4935-a9b6-4a88f237a74b",
            "f36f454d-1e22-4abf-a3ae-d32a7931d5b5",
            "2b2a7e8d-053b-4060-8019-b750039dc43b",
            "a134d7a9-0f9a-4a80-b201-05491641725e"
          ],
          "pending": [],
          "skipped": [],
          "duration": 20813,
          "root": false,
          "rootEmpty": false,
          "_timeout": 2000
        }
      ],
      "passes": [],
      "failures": [],
      "pending": [],
      "skipped": [],
      "duration": 0,
      "root": true,
      "rootEmpty": true,
      "_timeout": 2000
    }
  ],
  "meta": {
    "mocha": {
      "version": "7.0.1"
    },
    "mochawesome": {
      "options": {
        "quiet": false,
        "reportFilename": "mochawesome",
        "saveHtml": false,
        "saveJson": true,
        "consoleReporter": "spec",
        "useInlineDiffs": false,
        "code": true
      },
      "version": "7.1.3"
    },
    "marge": {
      "options": {
        "charts": true,
        "reportPageTitle": "custom-title",
        "embeddedScreenshots": true,
        "inlineAssets": true,
        "saveAllAttempts": false,
        "overwrite": false,
        "html": false,
        "json": true,
        "reportDir": "cypress\\reports\\html\\.jsons"
      },
      "version": "6.2.0"
    }
  }
}