{
  "stats": {
    "suites": 1,
    "tests": 1,
    "passes": 1,
    "pending": 0,
    "failures": 0,
    "start": "2023-10-23T08:46:01.227Z",
    "end": "2023-10-23T08:46:08.539Z",
    "duration": 7312,
    "testsRegistered": 1,
    "passPercent": 100,
    "pendingPercent": 0,
    "other": 0,
    "hasOther": false,
    "skipped": 0,
    "hasSkipped": false
  },
  "results": [
    {
      "uuid": "7b116248-4338-478a-8c83-21f244c5e71c",
      "title": "",
      "fullFile": "cypress\\e2e\\Ankit sir\\Calender.cy.js",
      "file": "cypress\\e2e\\Ankit sir\\Calender.cy.js",
      "beforeHooks": [],
      "afterHooks": [],
      "tests": [],
      "suites": [
        {
          "uuid": "8f1f5b93-f93f-4e0a-802c-7e9472931049",
          "title": "DatePicker",
          "fullFile": "",
          "file": "",
          "beforeHooks": [],
          "afterHooks": [],
          "tests": [
            {
              "title": "Verify ----- date is available after 90 days",
              "fullTitle": "DatePicker Verify ----- date is available after 90 days",
              "timedOut": null,
              "duration": 3644,
              "state": "passed",
              "speed": "fast",
              "pass": true,
              "fail": false,
              "pending": false,
              "context": null,
              "code": "cy.visit('https://www.webdriveruniversity.com/Datepicker/index.html');\ncy.get('.glyphicon-calendar').click();\nselectMonthYear(month, year);\ncy.contains('[class=\"day\"]', dateOfTheDay).click();",
              "err": {},
              "uuid": "17ae88d2-7cd0-4970-9e39-0844ea0c388b",
              "parentUUID": "8f1f5b93-f93f-4e0a-802c-7e9472931049",
              "isHook": false,
              "skipped": false
            }
          ],
          "suites": [],
          "passes": [
            "17ae88d2-7cd0-4970-9e39-0844ea0c388b"
          ],
          "failures": [],
          "pending": [],
          "skipped": [],
          "duration": 3644,
          "root": false,
          "rootEmpty": false,
          "_timeout": 2000
        }
      ],
      "passes": [],
      "failures": [],
      "pending": [],
      "skipped": [],
      "duration": 0,
      "root": true,
      "rootEmpty": true,
      "_timeout": 2000
    }
  ],
  "meta": {
    "mocha": {
      "version": "7.0.1"
    },
    "mochawesome": {
      "options": {
        "quiet": false,
        "reportFilename": "mochawesome",
        "saveHtml": false,
        "saveJson": true,
        "consoleReporter": "spec",
        "useInlineDiffs": false,
        "code": true
      },
      "version": "7.1.3"
    },
    "marge": {
      "options": {
        "charts": true,
        "reportPageTitle": "custom-title",
        "embeddedScreenshots": true,
        "inlineAssets": true,
        "saveAllAttempts": false,
        "overwrite": false,
        "html": false,
        "json": true,
        "reportDir": "cypress\\reports\\html\\.jsons"
      },
      "version": "6.2.0"
    }
  }
}